<?xml version="1.0" encoding="UTF-8"?>
<!-- Generated by org.testng.reporters.JUnitReportReporter -->
<testsuite hostname="DESKTOP-DI5V9S3" failures="0" tests="2" name="qsp1.Test1" time="0.023" errors="0" timestamp="2023-05-12T15:11:34 IST" skipped="0">
  <testcase classname="qsp1.Test1" name="data1" time="0.019"/>
  <system-out>
    <![CDATA[1]]>
  </system-out>
  <testcase classname="qsp1.Test1" name="data2" time="0.004"/>
  <system-out>
    <![CDATA[2]]>
  </system-out>
</testsuite> <!-- qsp1.Test1 -->
