<?xml version="1.0" encoding="UTF-8"?>
<!-- Generated by org.testng.reporters.JUnitReportReporter -->
<testsuite hostname="DESKTOP-DI5V9S3" failures="0" tests="1" name="qsp1.Test2" time="0.006" errors="0" timestamp="2023-05-12T15:11:34 IST" skipped="0">
  <testcase classname="qsp1.Test2" name="data3" time="0.006"/>
  <system-out>
    <![CDATA[3]]>
  </system-out>
</testsuite> <!-- qsp1.Test2 -->
